[@0,0:2='int',<17>,1:0]
[@1,4:7='main',<18>,1:4]
[@2,8:8='(',<23>,1:8]
[@3,9:9=')',<24>,1:9]
[@4,11:11='{',<25>,2:0]
[@5,14:19='printf',<18>,3:1]
[@6,20:20='(',<23>,3:7]
[@7,21:33='"Hello World"',<3>,3:8]
[@8,34:34=')',<24>,3:21]
[@9,35:35=';',<29>,3:22]
[@10,39:41='int',<17>,5:1]
[@11,43:43='x',<18>,5:5]
[@12,45:45='=',<20>,5:7]
[@13,47:47='2',<14>,5:9]
[@14,48:48=';',<29>,5:10]
[@15,51:53='int',<17>,6:1]
[@16,55:55='y',<18>,6:5]
[@17,57:57='=',<20>,6:7]
[@18,59:59='3',<14>,6:9]
[@19,60:60=';',<29>,6:10]
[@20,63:65='int',<17>,7:1]
[@21,67:67='c',<18>,7:5]
[@22,69:69='=',<20>,7:7]
[@23,71:76='0xffff',<15>,7:9]
[@24,77:77=';',<29>,7:15]
[@25,80:82='int',<17>,8:1]
[@26,84:84='d',<18>,8:5]
[@27,86:86='=',<20>,8:7]
[@28,88:90=''d'',<2>,8:9]
[@29,91:91=';',<29>,8:12]
[@30,94:96='int',<17>,9:1]
[@31,98:102='array',<18>,9:5]
[@32,103:103='[',<27>,9:10]
[@33,104:105='50',<14>,9:11]
[@34,106:106=']',<28>,9:13]
[@35,107:107=';',<29>,9:14]
[@36,111:117='boolean',<17>,11:1]
[@37,119:128='input_more',<18>,11:9]
[@38,130:130='=',<20>,11:20]
[@39,132:135='true',<16>,11:22]
[@40,136:136=';',<29>,11:26]
[@41,141:142='if',<7>,13:1]
[@42,144:144='(',<23>,13:4]
[@43,145:145='x',<18>,13:5]
[@44,147:148='!=',<19>,13:7]
[@45,150:150='y',<18>,13:10]
[@46,152:153='&&',<22>,13:12]
[@47,155:163='iput_more',<18>,13:15]
[@48,164:164=')',<24>,13:24]
[@49,167:167='{',<25>,14:1]
[@50,171:173='int',<17>,15:2]
[@51,175:175='r',<18>,15:6]
[@52,177:177='=',<20>,15:8]
[@53,179:181=''r'',<2>,15:10]
[@54,182:182=';',<29>,15:13]
[@55,186:188='int',<17>,16:2]
[@56,190:190='g',<18>,16:6]
[@57,192:192='=',<20>,16:8]
[@58,194:196=''g'',<2>,16:10]
[@59,197:197=';',<29>,16:13]
[@60,201:203='int',<17>,17:2]
[@61,205:205='b',<18>,17:6]
[@62,207:207='=',<20>,17:8]
[@63,209:211=''b'',<2>,17:10]
[@64,212:212=';',<29>,17:13]
[@65,217:223='process',<18>,18:2]
[@66,224:224='(',<23>,18:9]
[@67,225:225='r',<18>,18:10]
[@68,226:226=',',<30>,18:11]
[@69,228:228='g',<18>,18:13]
[@70,229:229=',',<30>,18:14]
[@71,231:231='b',<18>,18:16]
[@72,232:232=')',<24>,18:17]
[@73,233:233=';',<29>,18:18]
[@74,236:236='}',<26>,19:1]
[@75,240:245='return',<10>,21:1]
[@76,247:247='0',<14>,21:8]
[@77,248:248=';',<29>,21:9]
[@78,250:250='}',<26>,22:0]
[@79,252:251='<EOF>',<-1>,23:0]
