[@0,0:2='int',<17>,1:0]
[@1,4:19='Q_rsqrt_modified',<18>,1:4]
[@2,20:20='(',<23>,1:20]
[@3,22:24='int',<17>,1:22]
[@4,26:31='number',<18>,1:26]
[@5,33:33=')',<24>,1:33]
[@6,35:35='{',<25>,2:0]
[@7,38:40='int',<17>,3:1]
[@8,42:43='x2',<18>,3:5]
[@9,45:45='=',<20>,3:8]
[@10,47:48='32',<14>,3:10]
[@11,49:49=';',<29>,3:12]
[@12,52:54='int',<17>,4:1]
[@13,56:56='y',<18>,4:5]
[@14,58:58='=',<20>,4:7]
[@15,60:61='21',<14>,4:9]
[@16,62:62=';',<29>,4:11]
[@17,65:67='int',<17>,5:1]
[@18,69:78='threehalfs',<18>,5:5]
[@19,80:80='=',<20>,5:16]
[@20,82:87='0x42f3',<15>,5:18]
[@21,88:88=';',<29>,5:24]
[@22,92:93='x2',<18>,7:1]
[@23,95:95='=',<20>,7:4]
[@24,97:102='number',<18>,7:6]
[@25,104:104='/',<21>,7:13]
[@26,106:106='2',<14>,7:15]
[@27,107:107=';',<29>,7:16]
[@28,110:110='y',<18>,8:1]
[@29,113:113='=',<20>,8:4]
[@30,115:120='number',<18>,8:6]
[@31,121:121=';',<29>,8:12]
[@32,125:125='i',<18>,10:1]
[@33,128:128='=',<20>,10:4]
[@34,130:139='0x5f3759df',<15>,10:6]
[@35,141:141='-',<21>,10:17]
[@36,143:143='(',<23>,10:19]
[@37,145:145='i',<18>,10:21]
[@38,147:147='/',<21>,10:23]
[@39,149:149='2',<14>,10:25]
[@40,151:151=')',<24>,10:27]
[@41,152:152=';',<29>,10:28]
[@42,155:155='y',<18>,11:1]
[@43,158:158='=',<20>,11:4]
[@44,160:160='y',<18>,11:6]
[@45,162:162='*',<21>,11:8]
[@46,164:164='(',<23>,11:10]
[@47,166:175='threehalfs',<18>,11:12]
[@48,177:177='-',<21>,11:23]
[@49,179:179='(',<23>,11:25]
[@50,181:182='x2',<18>,11:27]
[@51,184:184='*',<21>,11:30]
[@52,186:186='y',<18>,11:32]
[@53,188:188='*',<21>,11:34]
[@54,190:190='y',<18>,11:36]
[@55,192:192=')',<24>,11:38]
[@56,194:194=')',<24>,11:40]
[@57,195:195=';',<29>,11:41]
[@58,198:198='}',<26>,12:0]
[@59,200:199='<EOF>',<-1>,13:0]
