[@0,0:2='int',<17>,1:0]
[@1,4:4='c',<18>,1:4]
[@2,6:6='=',<20>,1:6]
[@3,8:8='0',<14>,1:8]
[@4,9:9=';',<29>,1:9]
[@5,11:13='int',<17>,2:0]
[@6,15:15='b',<18>,2:4]
[@7,17:17='=',<20>,2:6]
[@8,19:21=''b'',<2>,2:8]
[@9,22:22=';',<29>,2:11]
[@10,24:26='int',<17>,3:0]
[@11,28:28='d',<18>,3:4]
[@12,30:30='=',<20>,3:6]
[@13,32:32='c',<18>,3:8]
[@14,34:34='*',<21>,3:10]
[@15,36:37='32',<14>,3:12]
[@16,38:38=';',<29>,3:14]
[@17,40:45='printf',<18>,4:0]
[@18,46:46='(',<23>,4:6]
[@19,47:59='"Hello World"',<3>,4:7]
[@20,60:60=')',<24>,4:20]
[@21,61:61=';',<29>,4:21]
[@22,63:62='<EOF>',<-1>,5:0]
